<?xml version='1.0' encoding='UTF-8'?>
<testsuite hostname="Kevin" name="BusinessLogic.SearchSkillTest" tests="1" errors="0" failures="0" skipped="0" time="0.0" timestamp="2022-03-20T17:58:12">
                     <properties>
[...]
</properties>
                     <testcase classname="BusinessLogic.SearchSkillTest" name="skillTest" time="0.0">
                                                 
                                               </testcase>
                     <system-out><![CDATA[]]></system-out>
                     <system-err><![CDATA[]]></system-err>
                   </testsuite>